==12364== Memcheck, a memory error detector
==12364== Copyright (C) 2002-2017, and GNU GPL'd, by Julian Seward et al.
==12364== Using Valgrind-3.18.1 and LibVEX; rerun with -h for copyright info
==12364== Command: ./hw0103
==12364== Parent PID: 2674
==12364== 
==12364== 
==12364== Process terminating with default action of signal 2 (SIGINT)
==12364==    at 0x497E9D2: read (read.c:26)
==12364==    by 0x48F6C35: _IO_file_underflow@@GLIBC_2.2.5 (fileops.c:516)
==12364==    by 0x48F7D95: _IO_default_uflow (genops.c:362)
==12364==    by 0x48CD0CF: __vfscanf_internal (vfscanf-internal.c:628)
==12364==    by 0x48CC141: __isoc99_scanf (isoc99_scanf.c:30)
==12364==    by 0x10AA86: main (in /home/nieves/C-2/hw01/hw0103)
==12364== 
==12364== HEAP SUMMARY:
==12364==     in use at exit: 1,024 bytes in 1 blocks
==12364==   total heap usage: 1 allocs, 0 frees, 1,024 bytes allocated
==12364== 
==12364== LEAK SUMMARY:
==12364==    definitely lost: 0 bytes in 0 blocks
==12364==    indirectly lost: 0 bytes in 0 blocks
==12364==      possibly lost: 0 bytes in 0 blocks
==12364==    still reachable: 1,024 bytes in 1 blocks
==12364==         suppressed: 0 bytes in 0 blocks
==12364== Reachable blocks (those to which a pointer was found) are not shown.
==12364== To see them, rerun with: --leak-check=full --show-leak-kinds=all
==12364== 
==12364== For lists of detected and suppressed errors, rerun with: -s
==12364== ERROR SUMMARY: 0 errors from 0 contexts (suppressed: 0 from 0)
